[2025-01-07T15:02:59.630Z] [32minfo[39m: DB connected successfully!
[2025-01-07T15:02:59.635Z] [32minfo[39m: Server is running on https://localhost:3000
[2025-01-07T17:26:18.563Z] [32minfo[39m: DB connected successfully!
[2025-01-07T17:26:18.571Z] [32minfo[39m: Server is running on https://localhost:3000
[2025-01-07T17:27:24.092Z] [32minfo[39m: Items fetched successfully!
[2025-01-07T17:29:36.678Z] [32minfo[39m: Item added successfully!
[2025-01-07T17:29:46.916Z] [32minfo[39m: Items fetched successfully!
[2025-01-07T17:31:40.420Z] [32minfo[39m: DB connected successfully!
[2025-01-07T17:31:40.427Z] [32minfo[39m: Server is running on https://localhost:3000
[2025-01-07T17:32:28.990Z] [32minfo[39m: Items fetched successfully!
[2025-01-07T17:34:42.127Z] [32minfo[39m: DB connected successfully!
[2025-01-07T17:34:42.136Z] [32minfo[39m: Server is running on https://localhost:3000
[2025-01-07T17:34:45.914Z] [32minfo[39m: Items updated successfully!
[2025-01-07T17:34:54.359Z] [32minfo[39m: Items fetched successfully!
[2025-01-07T17:36:03.746Z] [32minfo[39m: Item added successfully!
[2025-01-07T17:36:07.724Z] [32minfo[39m: Items fetched successfully!
[2025-01-07T17:37:47.209Z] [32minfo[39m: DB connected successfully!
[2025-01-07T17:37:47.217Z] [32minfo[39m: Server is running on https://localhost:3000
[2025-01-07T17:40:37.440Z] [32minfo[39m: DB connected successfully!
[2025-01-07T17:40:37.443Z] [32minfo[39m: Server is running on https://localhost:3000
[2025-01-07T17:42:23.539Z] [32minfo[39m: DB connected successfully!
[2025-01-07T17:42:23.547Z] [32minfo[39m: Server is running on https://localhost:3000
[2025-01-07T17:43:06.650Z] [32minfo[39m: DB connected successfully!
[2025-01-07T17:43:06.657Z] [32minfo[39m: Server is running on https://localhost:3000
[2025-01-07T17:44:55.118Z] [32minfo[39m: DB connected successfully!
[2025-01-07T17:44:55.124Z] [32minfo[39m: Server is running on https://localhost:3000
[2025-01-07T17:49:17.456Z] [32minfo[39m: DB connected successfully!
[2025-01-07T17:49:17.459Z] [32minfo[39m: Server is running on https://localhost:3000
[2025-01-07T17:49:21.321Z] [32minfo[39m: Item found!
[2025-01-07T17:50:52.671Z] [32minfo[39m: Item found!
[2025-01-07T17:50:54.411Z] [32minfo[39m: Item found!
[2025-01-07T17:51:19.916Z] [32minfo[39m: Item found!
[2025-01-07T17:51:24.972Z] [32minfo[39m: Item found!
[2025-01-07T17:51:58.445Z] [32minfo[39m: DB connected successfully!
[2025-01-07T17:51:58.449Z] [32minfo[39m: Server is running on https://localhost:3000
[2025-01-07T17:52:01.889Z] [32minfo[39m: Search complete!
[2025-01-07T17:52:49.701Z] [32minfo[39m: DB connected successfully!
[2025-01-07T17:52:49.707Z] [32minfo[39m: Server is running on https://localhost:3000
[2025-01-07T17:52:51.845Z] [32minfo[39m: Search complete!
[2025-01-07T17:55:52.274Z] [32minfo[39m: Items fetched successfully!
[2025-01-07T17:57:20.668Z] [32minfo[39m: Search complete!
[2025-01-07T17:57:32.737Z] [32minfo[39m: Search complete!
